<?xml version="1.0" encoding="UTF-8"?>
<testsuite xmlns:xsi="http://www.w3.org/2001/XMLSchema-instance" xsi:noNamespaceSchemaLocation="https://maven.apache.org/surefire/maven-surefire-plugin/xsd/surefire-test-report-3.0.xsd" version="3.0" name="tp04.metier.ActionSimpleTest" time="0.021" tests="10" errors="0" skipped="0" failures="0">
  <properties>
    <property name="java.specification.version" value="21"/>
    <property name="sun.jnu.encoding" value="UTF-8"/>
    <property name="java.class.path" value="/Users/yinchenwang/Desktop/Industrialisation-du-d-veploppement/target/test-classes:/Users/yinchenwang/Desktop/Industrialisation-du-d-veploppement/target/classes:/Users/yinchenwang/.m2/repository/org/junit/jupiter/junit-jupiter-api/5.10.2/junit-jupiter-api-5.10.2.jar:/Users/yinchenwang/.m2/repository/org/opentest4j/opentest4j/1.3.0/opentest4j-1.3.0.jar:/Users/yinchenwang/.m2/repository/org/junit/platform/junit-platform-commons/1.10.2/junit-platform-commons-1.10.2.jar:/Users/yinchenwang/.m2/repository/org/apiguardian/apiguardian-api/1.1.2/apiguardian-api-1.1.2.jar:/Users/yinchenwang/.m2/repository/org/junit/jupiter/junit-jupiter-params/5.10.2/junit-jupiter-params-5.10.2.jar:/Users/yinchenwang/.m2/repository/org/junit/jupiter/junit-jupiter-engine/5.10.2/junit-jupiter-engine-5.10.2.jar:/Users/yinchenwang/.m2/repository/org/junit/platform/junit-platform-engine/1.10.2/junit-platform-engine-1.10.2.jar:"/>
    <property name="java.vm.vendor" value="Oracle Corporation"/>
    <property name="sun.arch.data.model" value="64"/>
    <property name="java.vendor.url" value="https://java.oracle.com/"/>
    <property name="os.name" value="Mac OS X"/>
    <property name="java.vm.specification.version" value="21"/>
    <property name="user.country" value="CN"/>
    <property name="sun.java.launcher" value="SUN_STANDARD"/>
    <property name="sun.boot.library.path" value="/Users/yinchenwang/Library/Java/JavaVirtualMachines/openjdk-21/Contents/Home/lib"/>
    <property name="sun.java.command" value="/Users/yinchenwang/Desktop/Industrialisation-du-d-veploppement/target/surefire/surefirebooter-20240325112603532_3.jar /Users/yinchenwang/Desktop/Industrialisation-du-d-veploppement/target/surefire 2024-03-25T11-26-03_420-jvmRun1 surefire-20240325112603532_1tmp surefire_0-20240325112603532_2tmp"/>
    <property name="http.nonProxyHosts" value="local|*.local|169.254/16|*.169.254/16"/>
    <property name="jdk.debug" value="release"/>
    <property name="surefire.test.class.path" value="/Users/yinchenwang/Desktop/Industrialisation-du-d-veploppement/target/test-classes:/Users/yinchenwang/Desktop/Industrialisation-du-d-veploppement/target/classes:/Users/yinchenwang/.m2/repository/org/junit/jupiter/junit-jupiter-api/5.10.2/junit-jupiter-api-5.10.2.jar:/Users/yinchenwang/.m2/repository/org/opentest4j/opentest4j/1.3.0/opentest4j-1.3.0.jar:/Users/yinchenwang/.m2/repository/org/junit/platform/junit-platform-commons/1.10.2/junit-platform-commons-1.10.2.jar:/Users/yinchenwang/.m2/repository/org/apiguardian/apiguardian-api/1.1.2/apiguardian-api-1.1.2.jar:/Users/yinchenwang/.m2/repository/org/junit/jupiter/junit-jupiter-params/5.10.2/junit-jupiter-params-5.10.2.jar:/Users/yinchenwang/.m2/repository/org/junit/jupiter/junit-jupiter-engine/5.10.2/junit-jupiter-engine-5.10.2.jar:/Users/yinchenwang/.m2/repository/org/junit/platform/junit-platform-engine/1.10.2/junit-platform-engine-1.10.2.jar:"/>
    <property name="sun.cpu.endian" value="little"/>
    <property name="user.home" value="/Users/yinchenwang"/>
    <property name="user.language" value="zh"/>
    <property name="java.specification.vendor" value="Oracle Corporation"/>
    <property name="java.version.date" value="2023-09-19"/>
    <property name="java.home" value="/Users/yinchenwang/Library/Java/JavaVirtualMachines/openjdk-21/Contents/Home"/>
    <property name="file.separator" value="/"/>
    <property name="basedir" value="/Users/yinchenwang/Desktop/Industrialisation-du-d-veploppement"/>
    <property name="java.vm.compressedOopsMode" value="Zero based"/>
    <property name="line.separator" value="&#10;"/>
    <property name="java.vm.specification.vendor" value="Oracle Corporation"/>
    <property name="java.specification.name" value="Java Platform API Specification"/>
    <property name="apple.awt.application.name" value="ForkedBooter"/>
    <property name="surefire.real.class.path" value="/Users/yinchenwang/Desktop/Industrialisation-du-d-veploppement/target/surefire/surefirebooter-20240325112603532_3.jar"/>
    <property name="user.script" value="Hans"/>
    <property name="sun.management.compiler" value="HotSpot 64-Bit Tiered Compilers"/>
    <property name="ftp.nonProxyHosts" value="local|*.local|169.254/16|*.169.254/16"/>
    <property name="java.runtime.version" value="21+35-2513"/>
    <property name="user.name" value="yinchenwang"/>
    <property name="stdout.encoding" value="UTF-8"/>
    <property name="path.separator" value=":"/>
    <property name="os.version" value="13.5.2"/>
    <property name="java.runtime.name" value="OpenJDK Runtime Environment"/>
    <property name="file.encoding" value="UTF-8"/>
    <property name="java.vm.name" value="OpenJDK 64-Bit Server VM"/>
    <property name="maven.ext.class.path" value="/Applications/Apache NetBeans.app/Contents/Resources/netbeans/java/maven-nblib/netbeans-eventspy.jar"/>
    <property name="localRepository" value="/Users/yinchenwang/.m2/repository"/>
    <property name="java.vendor.url.bug" value="https://bugreport.java.com/bugreport/"/>
    <property name="java.io.tmpdir" value="/var/folders/8l/q7nd8cnd4hl4hdp6q0spk0z80000gn/T/"/>
    <property name="java.version" value="21"/>
    <property name="user.dir" value="/Users/yinchenwang/Desktop/Industrialisation-du-d-veploppement"/>
    <property name="os.arch" value="x86_64"/>
    <property name="java.vm.specification.name" value="Java Virtual Machine Specification"/>
    <property name="native.encoding" value="UTF-8"/>
    <property name="java.library.path" value="/Users/yinchenwang/Library/Java/Extensions:/Library/Java/Extensions:/Network/Library/Java/Extensions:/System/Library/Java/Extensions:/usr/lib/java:."/>
    <property name="java.vm.info" value="mixed mode, sharing"/>
    <property name="stderr.encoding" value="UTF-8"/>
    <property name="java.vendor" value="Oracle Corporation"/>
    <property name="java.vm.version" value="21+35-2513"/>
    <property name="sun.io.unicode.encoding" value="UnicodeBig"/>
    <property name="socksNonProxyHosts" value="local|*.local|169.254/16|*.169.254/16"/>
    <property name="java.class.version" value="65.0"/>
  </properties>
  <testcase name="testConstructorParametersAreCorrectSuccess" classname="tp04.metier.ActionSimpleTest" time="0.001">
    <system-out><![CDATA[action crée
action crée
action crée
]]></system-out>
  </testcase>
  <testcase name="testValeurParametersAreCorrectSuccess" classname="tp04.metier.ActionSimpleTest" time="0.0">
    <system-out><![CDATA[action crée
action crée
action crée
]]></system-out>
  </testcase>
  <testcase name="testEvaluationDownActionSimpleSemaine" classname="tp04.metier.ActionSimpleTest" time="0.001">
    <system-out><![CDATA[action crée
action crée
]]></system-out>
  </testcase>
  <testcase name="testEvaluationUpActionSimpleVeille" classname="tp04.metier.ActionSimpleTest" time="0.001">
    <system-out><![CDATA[action crée
action crée
]]></system-out>
  </testcase>
  <testcase name="testenrgCoursDayIncorrectShouldFail" classname="tp04.metier.ActionSimpleTest" time="0.001">
    <system-out><![CDATA[action crée
action crée
action crée
]]></system-out>
  </testcase>
  <testcase name="testEvaluationUpActionSimpleSemaine" classname="tp04.metier.ActionSimpleTest" time="0.001">
    <system-out><![CDATA[action crée
action crée
]]></system-out>
  </testcase>
  <testcase name="testEvaluationDownActionSimpleVeille" classname="tp04.metier.ActionSimpleTest" time="0.001">
    <system-out><![CDATA[action crée
action crée
]]></system-out>
  </testcase>
  <testcase name="testenrgCoursValueIncorrectShouldFail" classname="tp04.metier.ActionSimpleTest" time="0.004">
    <system-out><![CDATA[action crée
action crée
action crée
]]></system-out>
  </testcase>
  <testcase name="testValeurDayIncorrectShouldFail" classname="tp04.metier.ActionSimpleTest" time="0.002">
    <system-out><![CDATA[action crée
action crée
action crée
]]></system-out>
  </testcase>
  <testcase name="testConstructorLibIncorrectShouldFail" classname="tp04.metier.ActionSimpleTest" time="0.001">
    <system-out><![CDATA[action crée
action crée
]]></system-out>
  </testcase>
</testsuite>